

-------------------------------------------------------------------------
Systeminfo:
CPU:               AMD64 Family 23 Model 96 Stepping 1, AuthenticAMD
Number of CPUs:    16
RAM:               15.2GB
Diskinfo:          54.3GB/475.7GB
Operating system:  Windows-10-10.0.19045
Long path support: False
-------------------------------------------------------------------------

= 28.10.2023 15:06:45 (UTC +8:00) === ECU-TEST 2023.3.0.141374+8eeee403f0b5 141374+8eeee403f0b5 (2023/09/19 16:45:04) (64bit) ===
Python 3.10.11 (tags/v3.10.11:7d4cc5a, Apr  5 2023, 00:38:17) [MSC v.1929 64 bit (AMD64)]

License: ECU-TEST
         - License options:
             + Diagnostics add-on
             + Trace Analysis
         - valid up to version: 2023.4
         - valid until: 31-dec-2023
         - licensed for: TURING
         - Server: Eric


2023-10-28 15:06:45.843 5292 ManagedWorker-6*PE.Run() INFO:
                        Start package '' with test case execution with sequential analysis job execution
2023-10-28 15:06:45.855 5292 ManagedWorker-6*PE.Run() INFO:
                        Test case "Package 0" started
2023-10-28 15:06:45.859 5292 ManagedWorker-6*PE.Run() DEBUG:
                        TestEngine: Start ports...
2023-10-28 15:06:45.870 5292 ManagedWorker-6*PE.Run() INFO:
                        init SteppedSimulationClock
2023-10-28 15:06:45.876 5292 ManagedWorker-6*PE.Run() INFO:
                        Model time mode with stepwise simulation activated, port used as time source: ENVSIM01
2023-10-28 15:06:46.169 5292 ToolLibs DEBUG:
                        CarSimLib2: ToolLib time: 15:06:46.168 RunMathModel with GUI
2023-10-28 15:06:51.899 5292 ToolLibs ERROR:
                        tts.core.toolingFramework.networking.ToolServerConnector.PrintRemoteException: TypeError: unsupported operand type(s) for +: 'NoneType' and 'int'
2023-10-28 15:06:51.929 5292 ManagedWorker-6*PE.Run() ERROR:
                        Test step 5(Wait): "TypeError: unsupported operand type(s) for +: 'NoneType' and 'int'"
                        Package "Package 0"#5
2023-10-28 15:06:51.943 5292 ManagedWorker-6*PE.Run() DEBUG_EXC_PRINT:
                        tts.testExecution.engine.TestEngine.ExecuteTestStep: TTError: TypeError: unsupported operand type(s) for +: 'NoneType' and 'int'
                        Package "Package 0"#5
2023-10-28 15:06:51.994 5292 ToolLibs ERROR:
                        tts.core.toolingFramework.networking.ToolServerConnector.PrintRemoteException: TypeError: unsupported operand type(s) for +: 'NoneType' and 'int'
2023-10-28 15:06:52.027 5292 ManagedWorker-6*PE.Run() ERROR:
                        Test step 7(Wait): "TypeError: unsupported operand type(s) for +: 'NoneType' and 'int'"
                        Package "Package 0"#7
2023-10-28 15:06:52.039 5292 ManagedWorker-6*PE.Run() DEBUG_EXC_PRINT:
                        tts.testExecution.engine.TestEngine.ExecuteTestStep: TTError: TypeError: unsupported operand type(s) for +: 'NoneType' and 'int'
                        Package "Package 0"#7
2023-10-28 15:06:52.070 5292 ManagedWorker-6*PE.Run() DEBUG:
                        TestEngine: Stop ports...
2023-10-28 15:06:52.880 5292 ManagedWorker-6*PE.Run() INFO:
                        Test case "Package 0" completed
