

-------------------------------------------------------------------------
Systeminfo:
CPU:               AMD64 Family 23 Model 96 Stepping 1, AuthenticAMD
Number of CPUs:    16
RAM:               15.2GB
Diskinfo:          35.1GB/475.7GB
Operating system:  Windows-10-10.0.19045
Long path support: False
-------------------------------------------------------------------------

= 13.12.2023 14:40:22 (UTC +8:00) === ecu.test 2023.4.0.143832+81f7f95c32e5 143832+81f7f95c32e5 (2023/11/29 14:47:45) (64bit) ===
Python 3.10.11 (tags/v3.10.11:7d4cc5a, Apr  5 2023, 00:38:17) [MSC v.1929 64 bit (AMD64)] / wx: 4.2.1+tt.2

License: ecu.test
         - License options:
             + ecu.test diagnostics
             + trace.check
         - valid up to version: 2023.4
         - valid until: 31-dec-2023
         - licensed for: TURING
         - Server: Eric


2023-12-13 14:40:22.384 8308 ManagedWorker-6*PE.Run() DEBUG_EXC_PRINT:
                        Traceback (most recent call last):
                          File "tts\core\expressions\BaseExpressionChildren.py", line 1366, in Evaluate
                          File "tts\core\api\internalApi\GlobalConstants.py", line 205, in GetConstant
                        AttributeError: 'GlobalConstants' has no attribute '_trst'
                        
                        During handling of the above exception, another exception occurred:
                        
                        Traceback (most recent call last):
                          File "tts\testExecution\testSteps\dataoperations\calculationNG\TsCalculationExec.py", line 147, in Call
                          File "tts\core\expressions\BaseExpressionChildren.py", line 1370, in Evaluate
                        tt._Exceptions_.TTError: An error occurred when calling "api.GlobalConstants.GetConstant('_trst')": 'GlobalConstants' has no attribute '_trst'
                        
                        During handling of the above exception, another exception occurred:
                        
                        Traceback (most recent call last):
                          File "tts\testExecution\engine\TestEngine.py", line 1005, in ExecuteTestStep
                          File "tts\testExecution\testSteps\dataoperations\calculationNG\TsCalculationExec.py", line 208, in Run
                          File "tts\testExecution\testSteps\dataoperations\calculationNG\TsCalculationExec.py", line 151, in Call
                        tts.testExecution.testSteps.dataoperations.calculationNG.TsCalculationExec.UserCodeException: An error occurred when calling "api.GlobalConstants.GetConstant('_trst')": 'GlobalConstants' has no attribute '_trst'
